<?xml version="1.0" encoding="UTF-8"?>
<testng-results ignored="0" total="1" passed="1" failed="0" skipped="0">
  <reporter-output>
  </reporter-output>
  <suite started-at="2024-02-29T16:49:47 IST" name="Default suite" finished-at="2024-02-29T16:49:47 IST" duration-ms="107">
    <groups>
    </groups>
    <test started-at="2024-02-29T16:49:47 IST" name="Default test" finished-at="2024-02-29T16:49:47 IST" duration-ms="107">
      <class name="Goavega.SignIn">
        <test-method signature="SignIn()[pri:0, instance:Goavega.SignIn@2d52216b]" started-at="2024-02-29T16:49:47 IST" name="SignIn" finished-at="2024-02-29T16:49:47 IST" duration-ms="24" status="PASS">
          <reporter-output>
          </reporter-output>
        </test-method> <!-- SignIn -->
      </class> <!-- Goavega.SignIn -->
    </test> <!-- Default test -->
  </suite> <!-- Default suite -->
</testng-results>
